<?xml version="1.0" encoding="UTF-8"?>
<!-- Generated by org.testng.reporters.JUnitReportReporter -->
<testsuite skipped="0" hostname="DESKTOP-KMFJ2QA" name="Sanity.MainMenueGenreAmbientTest" tests="1" failures="0" timestamp="28 Mar 2019 08:30:26 GMT" time="12.465" errors="0">
  <testcase name="MainMenueGenreAmbient" time="12.465" classname="Sanity.MainMenueGenreAmbientTest"/>
</testsuite> <!-- Sanity.MainMenueGenreAmbientTest -->
