<?xml version="1.0" encoding="UTF-8"?>
<!-- Generated by org.testng.reporters.JUnitReportReporter -->
<testsuite skipped="0" hostname="DESKTOP-KMFJ2QA" name="Sanity.MainMenueMoodSadTest" tests="1" failures="0" timestamp="28 Mar 2019 14:55:13 GMT" time="13.719" errors="0">
  <testcase name="MainMenueMoodSad" time="13.719" classname="Sanity.MainMenueMoodSadTest"/>
</testsuite> <!-- Sanity.MainMenueMoodSadTest -->
