<?xml version="1.0" encoding="UTF-8"?>
<!-- Generated by org.testng.reporters.JUnitReportReporter -->
<testsuite skipped="0" hostname="DESKTOP-KMFJ2QA" name="Sanity.PaymentTest" tests="1" failures="0" timestamp="25 Mar 2019 10:51:32 GMT" time="16.756" errors="0">
  <testcase name="PaymentTestSuccess" time="16.756" classname="Sanity.PaymentTest"/>
</testsuite> <!-- Sanity.PaymentTest -->
