<?xml version="1.0" encoding="UTF-8"?>
<!-- Generated by org.testng.reporters.JUnitReportReporter -->
<testsuite skipped="0" hostname="DESKTOP-KMFJ2QA" name="Sanity.PaymentTest" tests="1" failures="0" timestamp="28 Mar 2019 14:04:08 GMT" time="20.311" errors="0">
  <testcase name="PaymentTestSuccess" time="20.311" classname="Sanity.PaymentTest"/>
</testsuite> <!-- Sanity.PaymentTest -->
