<?xml version="1.0" encoding="UTF-8"?>
<!-- Generated by org.testng.reporters.JUnitReportReporter -->
<testsuite skipped="0" hostname="DESKTOP-KMFJ2QA" name="Sanity.DownloadTest" tests="1" failures="0" timestamp="03 Apr 2019 15:08:29 GMT" time="90.744" errors="0">
  <testcase name="DownloadTest" time="90.744" classname="Sanity.DownloadTest"/>
</testsuite> <!-- Sanity.DownloadTest -->
