<?xml version="1.0" encoding="UTF-8"?>
<!-- Generated by org.testng.reporters.JUnitReportReporter -->
<testsuite skipped="0" hostname="DESKTOP-KMFJ2QA" name="Selenium_Docker.Selenium_Docker.GoogleSearchChrome" tests="4" failures="0" timestamp="24 Mar 2019 10:26:39 GMT" time="29.795" errors="0">
  <testcase name="googlesearch3" time="7.468" classname="Selenium_Docker.Selenium_Docker.GoogleSearchChrome"/>
  <testcase name="googlesearch" time="7.981" classname="Selenium_Docker.Selenium_Docker.GoogleSearchChrome"/>
  <testcase name="googlesearch1" time="6.990" classname="Selenium_Docker.Selenium_Docker.GoogleSearchChrome"/>
  <testcase name="googlesearch2" time="7.356" classname="Selenium_Docker.Selenium_Docker.GoogleSearchChrome"/>
</testsuite> <!-- Selenium_Docker.Selenium_Docker.GoogleSearchChrome -->
