<?xml version="1.0" encoding="UTF-8"?>
<!-- Generated by org.testng.reporters.JUnitReportReporter -->
<testsuite skipped="0" hostname="DESKTOP-KMFJ2QA" name="Sanity.playPauseSong" tests="1" failures="0" timestamp="27 Mar 2019 16:17:06 GMT" time="38.941" errors="0">
  <testcase name="playPauseSong" time="38.941" classname="Sanity.playPauseSong"/>
</testsuite> <!-- Sanity.playPauseSong -->
