<?xml version="1.0" encoding="UTF-8"?>
<!-- Generated by org.testng.reporters.JUnitReportReporter -->
<testsuite skipped="0" hostname="DESKTOP-KMFJ2QA" name="Sanity.MainMenueGenreAcousticTest" tests="1" failures="0" timestamp="28 Mar 2019 08:03:05 GMT" time="14.683" errors="0">
  <testcase name="MainMenueGenreAcoustic" time="14.683" classname="Sanity.MainMenueGenreAcousticTest"/>
</testsuite> <!-- Sanity.MainMenueGenreAcousticTest -->
