<?xml version="1.0" encoding="UTF-8"?>
<!-- Generated by org.testng.reporters.JUnitReportReporter -->
<testsuite skipped="0" hostname="DESKTOP-KMFJ2QA" name="Sanity.MainMenueMoodLoveTest" tests="1" failures="0" timestamp="08 Apr 2019 14:09:13 GMT" time="13.501" errors="0">
  <testcase name="MainMenueMoodLove" time="13.501" classname="Sanity.MainMenueMoodLoveTest"/>
</testsuite> <!-- Sanity.MainMenueMoodLoveTest -->
