<?xml version="1.0" encoding="UTF-8"?>
<!-- Generated by org.testng.reporters.JUnitReportReporter -->
<testsuite skipped="0" hostname="DESKTOP-KMFJ2QA" name="Sanity.MainMenueGenreReggaeTest" tests="1" failures="0" timestamp="01 Apr 2019 09:12:55 GMT" time="9.811" errors="0">
  <testcase name="MainMenueGenreReggae" time="9.811" classname="Sanity.MainMenueGenreReggaeTest"/>
</testsuite> <!-- Sanity.MainMenueGenreReggaeTest -->
