<?xml version="1.0" encoding="UTF-8"?>
<!-- Generated by org.testng.reporters.JUnitReportReporter -->
<testsuite skipped="0" hostname="DESKTOP-KMFJ2QA" name="Sanity.LoginTest" tests="1" failures="0" timestamp="28 Mar 2019 11:29:33 GMT" time="27.821" errors="0">
  <testcase name="LoginTest" time="27.821" classname="Sanity.LoginTest"/>
</testsuite> <!-- Sanity.LoginTest -->
