<?xml version="1.0" encoding="UTF-8"?>
<!-- Generated by org.testng.reporters.JUnitReportReporter -->
<testsuite skipped="0" hostname="DESKTOP-KMFJ2QA" name="Sanity.LoginTest7" tests="1" failures="0" timestamp="03 Apr 2019 15:23:13 GMT" time="10.679" errors="0">
  <testcase name="LoginTest" time="10.679" classname="Sanity.LoginTest7"/>
</testsuite> <!-- Sanity.LoginTest7 -->
