<?xml version="1.0" encoding="UTF-8"?>
<!-- Generated by org.testng.reporters.JUnitReportReporter -->
<testsuite skipped="0" hostname="DESKTOP-KMFJ2QA" name="Sanity.MainMenueGenreClassicalTest" tests="1" failures="0" timestamp="28 Mar 2019 08:31:25 GMT" time="13.925" errors="0">
  <testcase name="MainMenueGenreClassical" time="13.925" classname="Sanity.MainMenueGenreClassicalTest"/>
</testsuite> <!-- Sanity.MainMenueGenreClassicalTest -->
