<?xml version="1.0" encoding="UTF-8"?>
<!-- Generated by org.testng.reporters.JUnitReportReporter -->
<testsuite skipped="0" hostname="DESKTOP-KMFJ2QA" name="Sanity.MainMenueGenreAcousticTest" tests="1" failures="0" timestamp="03 Apr 2019 14:06:41 GMT" time="23.460" errors="0">
  <testcase name="MainMenueGenreAcoustic" time="23.460" classname="Sanity.MainMenueGenreAcousticTest"/>
</testsuite> <!-- Sanity.MainMenueGenreAcousticTest -->
