<?xml version="1.0" encoding="UTF-8"?>
<!-- Generated by org.testng.reporters.JUnitReportReporter -->
<testsuite skipped="0" hostname="DESKTOP-KMFJ2QA" name="Sanity.MainMenueMoodLoveTest" tests="1" failures="0" timestamp="28 Mar 2019 14:44:08 GMT" time="15.882" errors="0">
  <testcase name="MainMenueMoodLove" time="15.882" classname="Sanity.MainMenueMoodLoveTest"/>
</testsuite> <!-- Sanity.MainMenueMoodLoveTest -->
