<?xml version="1.0" encoding="UTF-8"?>
<!-- Generated by org.testng.reporters.JUnitReportReporter -->
<testsuite skipped="0" hostname="DESKTOP-KMFJ2QA" name="Sanity.MainMenueMoodSeriousTest" tests="1" failures="0" timestamp="28 Mar 2019 14:50:35 GMT" time="14.985" errors="0">
  <testcase name="MainMenueMoodSerious" time="14.985" classname="Sanity.MainMenueMoodSeriousTest"/>
</testsuite> <!-- Sanity.MainMenueMoodSeriousTest -->
