<?xml version="1.0" encoding="UTF-8"?>
<!-- Generated by org.testng.reporters.JUnitReportReporter -->
<testsuite skipped="0" hostname="DESKTOP-KMFJ2QA" name="Sanity.MainMenueGenreFunkyAndGrooveTest" tests="1" failures="0" timestamp="28 Mar 2019 08:19:21 GMT" time="12.849" errors="0">
  <testcase name="MainMenueGenreFunkyAndGroove" time="12.849" classname="Sanity.MainMenueGenreFunkyAndGrooveTest"/>
</testsuite> <!-- Sanity.MainMenueGenreFunkyAndGrooveTest -->
