<?xml version="1.0" encoding="UTF-8"?>
<!-- Generated by org.testng.reporters.JUnitReportReporter -->
<testsuite skipped="0" hostname="DESKTOP-VQDEVGU" name="Sanity.MteresToFeet" tests="1" failures="0" timestamp="06 Jun 2019 16:14:41 GMT" time="18.980" errors="0">
  <testcase name="CelsiusToFahrenheit" time="18.980" classname="Sanity.MteresToFeet"/>
</testsuite> <!-- Sanity.MteresToFeet -->
