<?xml version="1.0" encoding="UTF-8"?>
<!-- Generated by org.testng.reporters.JUnitReportReporter -->
<testsuite skipped="0" hostname="DESKTOP-KMFJ2QA" name="Sanity.MainMenueGenreSoulAndRnBTest" tests="1" failures="0" timestamp="03 Apr 2019 15:23:13 GMT" time="10.016" errors="0">
  <testcase name="mainMenuGenreHoliday" time="10.016" classname="Sanity.MainMenueGenreSoulAndRnBTest"/>
</testsuite> <!-- Sanity.MainMenueGenreSoulAndRnBTest -->
