<?xml version="1.0" encoding="UTF-8"?>
<!-- Generated by org.testng.reporters.JUnitReportReporter -->
<testsuite skipped="0" hostname="DESKTOP-KMFJ2QA" name="Sanity.LoginTest" tests="1" failures="0" timestamp="26 Mar 2019 14:14:42 GMT" time="10.822" errors="0">
  <testcase name="LoginTest" time="10.822" classname="Sanity.LoginTest"/>
</testsuite> <!-- Sanity.LoginTest -->
