<?xml version="1.0" encoding="UTF-8"?>
<!-- Generated by org.testng.reporters.JUnitReportReporter -->
<testsuite skipped="0" hostname="DESKTOP-KMFJ2QA" name="Sanity.DownloadTest" tests="1" failures="0" timestamp="10 Apr 2019 12:35:46 GMT" time="40.801" errors="0">
  <testcase name="DownloadTest" time="40.801" classname="Sanity.DownloadTest"/>
</testsuite> <!-- Sanity.DownloadTest -->
