<?xml version="1.0" encoding="UTF-8"?>
<!-- Generated by org.testng.reporters.JUnitReportReporter -->
<testsuite skipped="0" hostname="DESKTOP-KMFJ2QA" name="Selenium_Docker.Selenium_Docker.GoogleSearchChrome" tests="4" failures="0" timestamp="24 Mar 2019 06:52:31 GMT" time="30.601" errors="0">
  <testcase name="googlesearch" time="8.580" classname="Selenium_Docker.Selenium_Docker.GoogleSearchChrome"/>
  <testcase name="googlesearch3" time="7.502" classname="Selenium_Docker.Selenium_Docker.GoogleSearchChrome"/>
  <testcase name="googlesearch1" time="7.257" classname="Selenium_Docker.Selenium_Docker.GoogleSearchChrome"/>
  <testcase name="googlesearch2" time="7.262" classname="Selenium_Docker.Selenium_Docker.GoogleSearchChrome"/>
</testsuite> <!-- Selenium_Docker.Selenium_Docker.GoogleSearchChrome -->
