<?xml version="1.0" encoding="UTF-8"?>
<!-- Generated by org.testng.reporters.JUnitReportReporter -->
<testsuite skipped="0" hostname="DESKTOP-KMFJ2QA" name="Sanity.LoginTest5" tests="1" failures="0" timestamp="08 Apr 2019 14:09:13 GMT" time="10.723" errors="0">
  <testcase name="LoginTest" time="10.723" classname="Sanity.LoginTest5"/>
</testsuite> <!-- Sanity.LoginTest5 -->
