<?xml version="1.0" encoding="UTF-8"?>
<!-- Generated by org.testng.reporters.JUnitReportReporter -->
<testsuite skipped="0" hostname="DESKTOP-KMFJ2QA" name="Sanity.MainMenueGenreWorldTest" tests="1" failures="0" timestamp="28 Mar 2019 08:29:31 GMT" time="15.733" errors="0">
  <testcase name="MainMenueGenreWorld" time="15.733" classname="Sanity.MainMenueGenreWorldTest"/>
</testsuite> <!-- Sanity.MainMenueGenreWorldTest -->
