<?xml version="1.0" encoding="UTF-8"?>
<!-- Generated by org.testng.reporters.JUnitReportReporter -->
<testsuite skipped="0" hostname="DESKTOP-KMFJ2QA" name="Sanity.MainMenueGenreReggaeTest" tests="1" failures="0" timestamp="28 Mar 2019 08:28:38 GMT" time="15.098" errors="0">
  <testcase name="MainMenueGenreReggae" time="15.098" classname="Sanity.MainMenueGenreReggaeTest"/>
</testsuite> <!-- Sanity.MainMenueGenreReggaeTest -->
