<?xml version="1.0" encoding="UTF-8"?>
<!-- Generated by org.testng.reporters.JUnitReportReporter -->
<testsuite skipped="0" hostname="DESKTOP-KMFJ2QA" name="Sanity.MainMenueGenreHipHopTest" tests="1" failures="0" timestamp="28 Mar 2019 08:06:53 GMT" time="12.015" errors="0">
  <testcase name="mainMenuGenreHoliday" time="12.015" classname="Sanity.MainMenueGenreHipHopTest"/>
</testsuite> <!-- Sanity.MainMenueGenreHipHopTest -->
