<?xml version="1.0" encoding="UTF-8"?>
<!-- Generated by org.testng.reporters.JUnitReportReporter -->
<testsuite skipped="0" hostname="DESKTOP-KMFJ2QA" name="Sanity.MainMenueGenreFolkTest" tests="1" failures="0" timestamp="28 Mar 2019 08:05:06 GMT" time="15.292" errors="0">
  <testcase name="mainMenuGenreHoliday" time="15.292" classname="Sanity.MainMenueGenreFolkTest"/>
</testsuite> <!-- Sanity.MainMenueGenreFolkTest -->
