<?xml version="1.0" encoding="UTF-8"?>
<!-- Generated by org.testng.reporters.JUnitReportReporter -->
<testsuite skipped="0" hostname="DESKTOP-KMFJ2QA" name="Sanity.LoginTest4" tests="1" failures="0" timestamp="08 Apr 2019 14:09:13 GMT" time="11.255" errors="0">
  <testcase name="LoginTest" time="11.255" classname="Sanity.LoginTest4"/>
</testsuite> <!-- Sanity.LoginTest4 -->
