<?xml version="1.0" encoding="UTF-8"?>
<!-- Generated by org.testng.reporters.JUnitReportReporter -->
<testsuite skipped="0" hostname="DESKTOP-KMFJ2QA" name="Sanity.MainMenueMoodPlayfulTest" tests="1" failures="0" timestamp="28 Mar 2019 14:45:07 GMT" time="14.604" errors="0">
  <testcase name="MainMenueMoodPlayful" time="14.604" classname="Sanity.MainMenueMoodPlayfulTest"/>
</testsuite> <!-- Sanity.MainMenueMoodPlayfulTest -->
