<?xml version="1.0" encoding="UTF-8"?>
<!-- Generated by org.testng.reporters.JUnitReportReporter -->
<testsuite skipped="0" hostname="DESKTOP-KMFJ2QA" name="Sanity.MainMenueMoodTenseTest" tests="1" failures="0" timestamp="28 Mar 2019 14:54:58 GMT" time="13.308" errors="0">
  <testcase name="MainMenueMoodTense" time="13.308" classname="Sanity.MainMenueMoodTenseTest"/>
</testsuite> <!-- Sanity.MainMenueMoodTenseTest -->
