<?xml version="1.0" encoding="UTF-8"?>
<!-- Generated by org.testng.reporters.JUnitReportReporter -->
<testsuite skipped="0" hostname="DESKTOP-KMFJ2QA" name="Sanity.LoginTest6" tests="1" failures="0" timestamp="08 Apr 2019 14:09:13 GMT" time="11.291" errors="0">
  <testcase name="LoginTest" time="11.291" classname="Sanity.LoginTest6"/>
</testsuite> <!-- Sanity.LoginTest6 -->
