<?xml version="1.0" encoding="UTF-8"?>
<!-- Generated by org.testng.reporters.JUnitReportReporter -->
<testsuite skipped="0" hostname="DESKTOP-VQDEVGU" name="Sanity.OuncesToGrams" tests="1" failures="0" timestamp="10 Jun 2019 06:49:27 GMT" time="26.844" errors="0">
  <testcase name="CelsiusToFahrenheit" time="26.844" classname="Sanity.OuncesToGrams"/>
</testsuite> <!-- Sanity.OuncesToGrams -->
