<?xml version="1.0" encoding="UTF-8"?>
<!-- Generated by org.testng.reporters.JUnitReportReporter -->
<testsuite skipped="0" hostname="DESKTOP-KMFJ2QA" name="Sanity.LoginTest5" tests="1" failures="0" timestamp="03 Apr 2019 15:23:13 GMT" time="11.469" errors="0">
  <testcase name="LoginTest" time="11.469" classname="Sanity.LoginTest5"/>
</testsuite> <!-- Sanity.LoginTest5 -->
