<?xml version="1.0" encoding="UTF-8"?>
<!-- Generated by org.testng.reporters.JUnitReportReporter -->
<testsuite skipped="0" hostname="DESKTOP-KMFJ2QA" name="Sanity.DownloadTest" tests="1" failures="0" timestamp="04 Apr 2019 09:48:58 GMT" time="26.848" errors="0">
  <testcase name="DownloadTest" time="26.848" classname="Sanity.DownloadTest"/>
</testsuite> <!-- Sanity.DownloadTest -->
