<?xml version="1.0" encoding="UTF-8"?>
<!-- Generated by org.testng.reporters.JUnitReportReporter -->
<testsuite skipped="0" hostname="DESKTOP-VQDEVGU" name="Sanity.MetricConversions" tests="1" failures="0" timestamp="11 Jun 2019 15:12:50 GMT" time="8.433" errors="0">
  <testcase name="CelsiusToFahrenheit" time="8.433" classname="Sanity.MetricConversions"/>
</testsuite> <!-- Sanity.MetricConversions -->
