<?xml version="1.0" encoding="UTF-8"?>
<!-- Generated by org.testng.reporters.JUnitReportReporter -->
<testsuite skipped="0" hostname="DESKTOP-KMFJ2QA" name="Sanity.MainMenueGenrePopTest" tests="1" failures="0" timestamp="28 Mar 2019 08:13:09 GMT" time="16.319" errors="0">
  <testcase name="MainMenueGenrePop" time="16.319" classname="Sanity.MainMenueGenrePopTest"/>
</testsuite> <!-- Sanity.MainMenueGenrePopTest -->
