<?xml version="1.0" encoding="UTF-8"?>
<!-- Generated by org.testng.reporters.JUnitReportReporter -->
<testsuite skipped="0" hostname="DESKTOP-KMFJ2QA" name="Sanity.MainMenueMoodAngryTest" tests="1" failures="0" timestamp="28 Mar 2019 14:52:51 GMT" time="14.791" errors="0">
  <testcase name="MainMenueMoodAngry" time="14.791" classname="Sanity.MainMenueMoodAngryTest"/>
</testsuite> <!-- Sanity.MainMenueMoodAngryTest -->
