<?xml version="1.0" encoding="UTF-8"?>
<!-- Generated by org.testng.reporters.JUnitReportReporter -->
<testsuite skipped="0" hostname="DESKTOP-KMFJ2QA" name="Sanity.MainMenueGenreIndieTest" tests="1" failures="0" timestamp="03 Apr 2019 15:23:13 GMT" time="11.172" errors="0">
  <testcase name="mainMenuGenreHoliday" time="11.172" classname="Sanity.MainMenueGenreIndieTest"/>
</testsuite> <!-- Sanity.MainMenueGenreIndieTest -->
