<?xml version="1.0" encoding="UTF-8"?>
<!-- Generated by org.testng.reporters.JUnitReportReporter -->
<testsuite skipped="0" hostname="DESKTOP-KMFJ2QA" name="Sanity.MainMenueMoodHappyTest" tests="1" failures="0" timestamp="28 Mar 2019 14:41:35 GMT" time="15.668" errors="0">
  <testcase name="MainMenueMoodHappy" time="15.668" classname="Sanity.MainMenueMoodHappyTest"/>
</testsuite> <!-- Sanity.MainMenueMoodHappyTest -->
