<?xml version="1.0" encoding="UTF-8"?>
<!-- Generated by org.testng.reporters.JUnitReportReporter -->
<testsuite skipped="0" hostname="DESKTOP-KMFJ2QA" name="Sanity.LoginTest" tests="1" failures="0" timestamp="04 Apr 2019 09:32:33 GMT" time="10.861" errors="0">
  <testcase name="LoginTest" time="10.861" classname="Sanity.LoginTest"/>
</testsuite> <!-- Sanity.LoginTest -->
