<?xml version="1.0" encoding="UTF-8"?>
<!-- Generated by org.testng.reporters.JUnitReportReporter -->
<testsuite skipped="0" hostname="DESKTOP-KMFJ2QA" name="Sanity.MainMenueGenreIndieTest" tests="1" failures="0" timestamp="28 Mar 2019 08:08:01 GMT" time="15.266" errors="0">
  <testcase name="mainMenuGenreHoliday" time="15.266" classname="Sanity.MainMenueGenreIndieTest"/>
</testsuite> <!-- Sanity.MainMenueGenreIndieTest -->
