<?xml version="1.0" encoding="UTF-8"?>
<!-- Generated by org.testng.reporters.JUnitReportReporter -->
<testsuite skipped="0" hostname="DESKTOP-KMFJ2QA" name="Sanity.MainMenueGenreCinematicTest" tests="1" failures="0" timestamp="28 Mar 2019 08:14:33 GMT" time="12.478" errors="0">
  <testcase name="MainMenueGenreCinematic" time="12.478" classname="Sanity.MainMenueGenreCinematicTest"/>
</testsuite> <!-- Sanity.MainMenueGenreCinematicTest -->
