<?xml version="1.0" encoding="UTF-8"?>
<!-- Generated by org.testng.reporters.JUnitReportReporter -->
<testsuite skipped="0" hostname="DESKTOP-KMFJ2QA" name="Sanity.LoginTest" tests="1" failures="0" timestamp="13 Apr 2019 10:35:29 GMT" time="26.773" errors="0">
  <testcase name="LoginTest" time="26.773" classname="Sanity.LoginTest"/>
</testsuite> <!-- Sanity.LoginTest -->
