<?xml version="1.0" encoding="UTF-8"?>
<!-- Generated by org.testng.reporters.JUnitReportReporter -->
<testsuite skipped="0" hostname="DESKTOP-KMFJ2QA" name="Sanity.PaymentTest" tests="1" failures="0" timestamp="26 Mar 2019 15:43:22 GMT" time="17.008" errors="0">
  <testcase name="PaymentTestSuccess" time="17.008" classname="Sanity.PaymentTest"/>
</testsuite> <!-- Sanity.PaymentTest -->
