<?xml version="1.0" encoding="UTF-8"?>
<!-- Generated by org.testng.reporters.JUnitReportReporter -->
<testsuite skipped="0" hostname="DESKTOP-KMFJ2QA" name="Sanity.MainMenueGenreBluesTest" tests="1" failures="0" timestamp="28 Mar 2019 08:16:18 GMT" time="13.004" errors="0">
  <testcase name="MainMenueGenreBlues" time="13.004" classname="Sanity.MainMenueGenreBluesTest"/>
</testsuite> <!-- Sanity.MainMenueGenreBluesTest -->
