<?xml version="1.0" encoding="UTF-8"?>
<!-- Generated by org.testng.reporters.JUnitReportReporter -->
<testsuite skipped="0" hostname="DESKTOP-KMFJ2QA" name="Sanity.LoginTest3" tests="1" failures="0" timestamp="08 Apr 2019 14:09:13 GMT" time="10.159" errors="0">
  <testcase name="LoginTest" time="10.159" classname="Sanity.LoginTest3"/>
</testsuite> <!-- Sanity.LoginTest3 -->
