<?xml version="1.0" encoding="UTF-8"?>
<!-- Generated by org.testng.reporters.JUnitReportReporter -->
<testsuite skipped="0" hostname="DESKTOP-KMFJ2QA" name="Sanity.LoginTest8" tests="1" failures="0" timestamp="28 Mar 2019 11:33:55 GMT" time="84.521" errors="0">
  <testcase name="LoginTest" time="84.521" classname="Sanity.LoginTest8"/>
</testsuite> <!-- Sanity.LoginTest8 -->
