<?xml version="1.0" encoding="UTF-8"?>
<!-- Generated by org.testng.reporters.JUnitReportReporter -->
<testsuite skipped="0" hostname="DESKTOP-KMFJ2QA" name="Sanity.mainMenuGenreElectronicTest" tests="1" failures="0" timestamp="28 Mar 2019 08:10:50 GMT" time="13.026" errors="0">
  <testcase name="mainMenuGenreHoliday" time="13.026" classname="Sanity.mainMenuGenreElectronicTest"/>
</testsuite> <!-- Sanity.mainMenuGenreElectronicTest -->
