<?xml version="1.0" encoding="UTF-8"?>
<!-- Generated by org.testng.reporters.JUnitReportReporter -->
<testsuite skipped="0" hostname="DESKTOP-KMFJ2QA" name="Sanity.MainMenueGenreCountryTest" tests="1" failures="0" timestamp="28 Mar 2019 08:17:01 GMT" time="14.011" errors="0">
  <testcase name="MainMenueGenreCountry" time="14.011" classname="Sanity.MainMenueGenreCountryTest"/>
</testsuite> <!-- Sanity.MainMenueGenreCountryTest -->
