<?xml version="1.0" encoding="UTF-8"?>
<!-- Generated by org.testng.reporters.JUnitReportReporter -->
<testsuite skipped="0" hostname="DESKTOP-KMFJ2QA" name="Sanity.MainMenueMoodPowerfulTest" tests="1" failures="0" timestamp="28 Mar 2019 14:40:16 GMT" time="14.600" errors="0">
  <testcase name="MainMenueMoodPowerful" time="14.600" classname="Sanity.MainMenueMoodPowerfulTest"/>
</testsuite> <!-- Sanity.MainMenueMoodPowerfulTest -->
