<?xml version="1.0" encoding="UTF-8"?>
<!-- Generated by org.testng.reporters.JUnitReportReporter -->
<testsuite skipped="0" hostname="DESKTOP-KMFJ2QA" name="Sanity.searchTest" tests="1" failures="0" timestamp="08 Apr 2019 14:09:13 GMT" time="17.938" errors="0">
  <testcase name="search" time="17.938" classname="Sanity.searchTest"/>
</testsuite> <!-- Sanity.searchTest -->
