<?xml version="1.0" encoding="UTF-8"?>
<!-- Generated by org.testng.reporters.JUnitReportReporter -->
<testsuite skipped="0" hostname="DESKTOP-KMFJ2QA" name="Sanity.LoginTest9" tests="1" failures="0" timestamp="26 Mar 2019 14:12:41 GMT" time="11.144" errors="0">
  <testcase name="LoginTest" time="11.144" classname="Sanity.LoginTest9"/>
</testsuite> <!-- Sanity.LoginTest9 -->
