<?xml version="1.0" encoding="UTF-8"?>
<!-- Generated by org.testng.reporters.JUnitReportReporter -->
<testsuite skipped="0" hostname="DESKTOP-KMFJ2QA" name="Sanity.LoginTest" tests="1" failures="0" timestamp="25 Mar 2019 07:12:35 GMT" time="12.120" errors="0">
  <testcase name="LoginTest" time="12.120" classname="Sanity.LoginTest"/>
</testsuite> <!-- Sanity.LoginTest -->
