<?xml version="1.0" encoding="UTF-8"?>
<!-- Generated by org.testng.reporters.JUnitReportReporter -->
<testsuite skipped="0" hostname="DESKTOP-KMFJ2QA" name="Sanity.LoginTest4" tests="1" failures="0" timestamp="04 Apr 2019 09:34:37 GMT" time="10.794" errors="0">
  <testcase name="LoginTest" time="10.794" classname="Sanity.LoginTest4"/>
</testsuite> <!-- Sanity.LoginTest4 -->
