<?xml version="1.0" encoding="UTF-8"?>
<!-- Generated by org.testng.reporters.JUnitReportReporter -->
<testsuite skipped="0" hostname="DESKTOP-KMFJ2QA" name="Sanity.MainMenueGenreChildrenTest" tests="1" failures="0" timestamp="08 Apr 2019 14:09:13 GMT" time="9.032" errors="0">
  <testcase name="MainMenueGenreChildren" time="9.032" classname="Sanity.MainMenueGenreChildrenTest"/>
</testsuite> <!-- Sanity.MainMenueGenreChildrenTest -->
