<?xml version="1.0" encoding="UTF-8"?>
<!-- Generated by org.testng.reporters.JUnitReportReporter -->
<testsuite skipped="0" hostname="DESKTOP-KMFJ2QA" name="Sanity.MainMenueGenreFunkyAndGrooveTest" tests="1" failures="0" timestamp="08 Apr 2019 14:09:13 GMT" time="9.455" errors="0">
  <testcase name="MainMenueGenreFunkyAndGroove" time="9.455" classname="Sanity.MainMenueGenreFunkyAndGrooveTest"/>
</testsuite> <!-- Sanity.MainMenueGenreFunkyAndGrooveTest -->
