<?xml version="1.0" encoding="UTF-8"?>
<!-- Generated by org.testng.reporters.JUnitReportReporter -->
<testsuite skipped="0" hostname="DESKTOP-KMFJ2QA" name="Sanity.MainMenueGenreSingerSongwriterTest" tests="1" failures="0" timestamp="28 Mar 2019 08:09:06 GMT" time="13.586" errors="0">
  <testcase name="mainMenuGenreHoliday" time="13.586" classname="Sanity.MainMenueGenreSingerSongwriterTest"/>
</testsuite> <!-- Sanity.MainMenueGenreSingerSongwriterTest -->
