<?xml version="1.0" encoding="UTF-8"?>
<!-- Generated by org.testng.reporters.JUnitReportReporter -->
<testsuite skipped="0" hostname="DESKTOP-KMFJ2QA" name="Sanity.mainMenuGenreHolidayTest" tests="1" failures="0" timestamp="28 Mar 2019 08:02:09 GMT" time="12.966" errors="0">
  <testcase name="mainMenuGenreHoliday" time="12.966" classname="Sanity.mainMenuGenreHolidayTest"/>
</testsuite> <!-- Sanity.mainMenuGenreHolidayTest -->
