<?xml version="1.0" encoding="UTF-8"?>
<!-- Generated by org.testng.reporters.JUnitReportReporter -->
<testsuite skipped="0" hostname="DESKTOP-KMFJ2QA" name="Sanity.MainMenueMoodHopefulTest" tests="1" failures="0" timestamp="28 Mar 2019 14:47:10 GMT" time="14.883" errors="0">
  <testcase name="MainMenueMoodHopeful" time="14.883" classname="Sanity.MainMenueMoodHopefulTest"/>
</testsuite> <!-- Sanity.MainMenueMoodHopefulTest -->
