<?xml version="1.0" encoding="UTF-8"?>
<!-- Generated by org.testng.reporters.JUnitReportReporter -->
<testsuite skipped="0" hostname="DESKTOP-KMFJ2QA" name="Sanity.MainMenueMoodUpliftingTest" tests="1" failures="0" timestamp="28 Mar 2019 14:37:30 GMT" time="13.080" errors="0">
  <testcase name="MainMenueMoodUplifting" time="13.080" classname="Sanity.MainMenueMoodUpliftingTest"/>
</testsuite> <!-- Sanity.MainMenueMoodUpliftingTest -->
