<?xml version="1.0" encoding="UTF-8"?>
<!-- Generated by org.testng.reporters.JUnitReportReporter -->
<testsuite skipped="0" hostname="DESKTOP-KMFJ2QA" name="Sanity.MainMenueGenreJazzTest" tests="1" failures="0" timestamp="28 Mar 2019 08:27:40 GMT" time="15.207" errors="0">
  <testcase name="MainMenueGenreJazz" time="15.207" classname="Sanity.MainMenueGenreJazzTest"/>
</testsuite> <!-- Sanity.MainMenueGenreJazzTest -->
