<?xml version="1.0" encoding="UTF-8"?>
<!-- Generated by org.testng.reporters.JUnitReportReporter -->
<testsuite skipped="0" hostname="DESKTOP-KMFJ2QA" name="Sanity.PaymentTest" tests="1" failures="0" timestamp="01 Apr 2019 14:56:32 GMT" time="11.112" errors="0">
  <testcase name="PaymentTestSuccess" time="11.112" classname="Sanity.PaymentTest"/>
</testsuite> <!-- Sanity.PaymentTest -->
