<?xml version="1.0" encoding="UTF-8"?>
<!-- Generated by org.testng.reporters.JUnitReportReporter -->
<testsuite skipped="0" hostname="DESKTOP-KMFJ2QA" name="Sanity.MainMenueMoodPeacefulTest" tests="1" failures="0" timestamp="28 Mar 2019 14:49:18 GMT" time="13.701" errors="0">
  <testcase name="MainMenueMoodPeaceful" time="13.701" classname="Sanity.MainMenueMoodPeacefulTest"/>
</testsuite> <!-- Sanity.MainMenueMoodPeacefulTest -->
