<?xml version="1.0" encoding="UTF-8"?>
<!-- Generated by org.testng.reporters.JUnitReportReporter -->
<testsuite skipped="0" hostname="DESKTOP-KMFJ2QA" name="Sanity.PaymentTest" tests="1" failures="0" timestamp="28 Mar 2019 09:02:01 GMT" time="18.757" errors="0">
  <testcase name="PaymentTestSuccess" time="18.757" classname="Sanity.PaymentTest"/>
</testsuite> <!-- Sanity.PaymentTest -->
