<?xml version="1.0" encoding="UTF-8"?>
<!-- Generated by org.testng.reporters.JUnitReportReporter -->
<testsuite skipped="0" hostname="DESKTOP-KMFJ2QA" name="Sanity.playPauseSong" tests="1" failures="0" timestamp="25 Mar 2019 12:12:23 GMT" time="39.103" errors="0">
  <testcase name="playPauseSong" time="39.103" classname="Sanity.playPauseSong"/>
</testsuite> <!-- Sanity.playPauseSong -->
