<?xml version="1.0" encoding="UTF-8"?>
<!-- Generated by org.testng.reporters.JUnitReportReporter -->
<testsuite skipped="0" hostname="DESKTOP-KMFJ2QA" name="Sanity.MainMenueMoodHappyTest" tests="1" failures="0" timestamp="08 Apr 2019 14:09:13 GMT" time="13.908" errors="0">
  <testcase name="MainMenueMoodHappy" time="13.908" classname="Sanity.MainMenueMoodHappyTest"/>
</testsuite> <!-- Sanity.MainMenueMoodHappyTest -->
