<?xml version="1.0" encoding="UTF-8"?>
<!-- Generated by org.testng.reporters.JUnitReportReporter -->
<testsuite skipped="0" hostname="DESKTOP-KMFJ2QA" name="Sanity.LoginTest" tests="1" failures="0" timestamp="25 Mar 2019 13:12:18 GMT" time="11.093" errors="0">
  <testcase name="LoginTest" time="11.093" classname="Sanity.LoginTest"/>
</testsuite> <!-- Sanity.LoginTest -->
