<?xml version="1.0" encoding="UTF-8"?>
<!-- Generated by org.testng.reporters.JUnitReportReporter -->
<testsuite skipped="0" hostname="DESKTOP-VQDEVGU" name="Sanity.MetricConversions" tests="1" failures="0" timestamp="06 Jun 2019 15:06:45 GMT" time="15.488" errors="0">
  <testcase name="CelsiusToFahrenheit" time="15.488" classname="Sanity.MetricConversions"/>
</testsuite> <!-- Sanity.MetricConversions -->
