<?xml version="1.0" encoding="UTF-8"?>
<!-- Generated by org.testng.reporters.JUnitReportReporter -->
<testsuite skipped="0" hostname="DESKTOP-KMFJ2QA" name="Selenium_Docker.Selenium_Docker.GoogleSearchChrome" tests="1" failures="0" timestamp="21 Mar 2019 14:48:15 GMT" time="7.072" errors="0">
  <testcase name="googlesearch" time="7.072" classname="Selenium_Docker.Selenium_Docker.GoogleSearchChrome"/>
</testsuite> <!-- Selenium_Docker.Selenium_Docker.GoogleSearchChrome -->
