<?xml version="1.0" encoding="UTF-8"?>
<!-- Generated by org.testng.reporters.JUnitReportReporter -->
<testsuite skipped="0" hostname="DESKTOP-KMFJ2QA" name="Sanity.MainMenueGenreChildrenTest" tests="1" failures="0" timestamp="28 Mar 2019 08:32:46 GMT" time="13.555" errors="0">
  <testcase name="MainMenueGenreChildren" time="13.555" classname="Sanity.MainMenueGenreChildrenTest"/>
</testsuite> <!-- Sanity.MainMenueGenreChildrenTest -->
