<?xml version="1.0" encoding="UTF-8"?>
<!-- Generated by org.testng.reporters.JUnitReportReporter -->
<testsuite skipped="0" hostname="DESKTOP-KMFJ2QA" name="Sanity.MainMenueMoodScaryAndDarkTest" tests="1" failures="0" timestamp="28 Mar 2019 15:02:08 GMT" time="14.415" errors="0">
  <testcase name="MainMenueMoodScaryAndDark" time="14.415" classname="Sanity.MainMenueMoodScaryAndDarkTest"/>
</testsuite> <!-- Sanity.MainMenueMoodScaryAndDarkTest -->
