<?xml version="1.0" encoding="UTF-8"?>
<!-- Generated by org.testng.reporters.JUnitReportReporter -->
<testsuite skipped="0" hostname="DESKTOP-KMFJ2QA" name="Selenium_Docker.Selenium_Docker.GoogleSearchChrome" tests="3" failures="0" timestamp="24 Mar 2019 06:46:33 GMT" time="22.225" errors="0">
  <testcase name="googlesearch" time="7.832" classname="Selenium_Docker.Selenium_Docker.GoogleSearchChrome"/>
  <testcase name="googlesearch1" time="7.134" classname="Selenium_Docker.Selenium_Docker.GoogleSearchChrome"/>
  <testcase name="googlesearch2" time="7.259" classname="Selenium_Docker.Selenium_Docker.GoogleSearchChrome"/>
</testsuite> <!-- Selenium_Docker.Selenium_Docker.GoogleSearchChrome -->
